0 info it worked if it ends with ok
1 verbose cli [ '/usr/local/Cellar/node/7.7.1_1/bin/node',
1 verbose cli   '/usr/local/bin/npm',
1 verbose cli   'start' ]
2 info using npm@4.1.2
3 info using node@v7.7.1
4 verbose run-script [ 'prestart', 'start', 'poststart' ]
5 info lifecycle barrel-shopify-base@1.4.6~prestart: barrel-shopify-base@1.4.6
6 silly lifecycle barrel-shopify-base@1.4.6~prestart: no script for prestart, continuing
7 info lifecycle barrel-shopify-base@1.4.6~start: barrel-shopify-base@1.4.6
8 verbose lifecycle barrel-shopify-base@1.4.6~start: unsafe-perm in lifecycle true
9 verbose lifecycle barrel-shopify-base@1.4.6~start: PATH: /usr/local/lib/node_modules/npm/bin/node-gyp-bin:/Users/max.rolon/Sites/shopify-base/node_modules/.bin:/usr/local/bin:/usr/bin:/bin:/usr/sbin:/sbin:/Users/max.rolon/.composer/vendor/bin
10 verbose lifecycle barrel-shopify-base@1.4.6~start: CWD: /Users/max.rolon/Sites/shopify-base
11 silly lifecycle barrel-shopify-base@1.4.6~start: Args: [ '-c', 'brrl -w' ]
12 silly lifecycle barrel-shopify-base@1.4.6~start: Returned: code: 1  signal: null
13 info lifecycle barrel-shopify-base@1.4.6~start: Failed to exec start script
14 verbose stack Error: barrel-shopify-base@1.4.6 start: `brrl -w`
14 verbose stack Exit status 1
14 verbose stack     at EventEmitter.<anonymous> (/usr/local/lib/node_modules/npm/lib/utils/lifecycle.js:279:16)
14 verbose stack     at emitTwo (events.js:106:13)
14 verbose stack     at EventEmitter.emit (events.js:194:7)
14 verbose stack     at ChildProcess.<anonymous> (/usr/local/lib/node_modules/npm/lib/utils/spawn.js:40:14)
14 verbose stack     at emitTwo (events.js:106:13)
14 verbose stack     at ChildProcess.emit (events.js:194:7)
14 verbose stack     at maybeClose (internal/child_process.js:899:16)
14 verbose stack     at Process.ChildProcess._handle.onexit (internal/child_process.js:226:5)
15 verbose pkgid barrel-shopify-base@1.4.6
16 verbose cwd /Users/max.rolon/Sites/shopify-base
17 error Darwin 16.7.0
18 error argv "/usr/local/Cellar/node/7.7.1_1/bin/node" "/usr/local/bin/npm" "start"
19 error node v7.7.1
20 error npm  v4.1.2
21 error code ELIFECYCLE
22 error barrel-shopify-base@1.4.6 start: `brrl -w`
22 error Exit status 1
23 error Failed at the barrel-shopify-base@1.4.6 start script 'brrl -w'.
23 error Make sure you have the latest version of node.js and npm installed.
23 error If you do, this is most likely a problem with the barrel-shopify-base package,
23 error not with npm itself.
23 error Tell the author that this fails on your system:
23 error     brrl -w
23 error You can get information on how to open an issue for this project with:
23 error     npm bugs barrel-shopify-base
23 error Or if that isn't available, you can get their info via:
23 error     npm owner ls barrel-shopify-base
23 error There is likely additional logging output above.
24 verbose exit [ 1, true ]
